<?xml version="1.0" encoding="UTF-8"?>
<!-- Generated by org.testng.reporters.JUnitXMLReporter -->
<testsuite hostname="LAPTOP-02EF66VJ" ignored="0" name="Default test" tests="7" failures="0" timestamp="2023-03-09T21:51:32 IST" time="47.091" errors="0">
  <testcase name="signInPage" time="2.932" classname="testScripts.ProductStore"/>
  <testcase name="addToCart" time="6.923" classname="testScripts.ProductStore"/>
  <testcase name="addToCart" time="5.999" classname="testScripts.ProductStore"/>
  <testcase name="addToCart" time="7.93" classname="testScripts.ProductStore"/>
  <testcase name="addToCart" time="4.697" classname="testScripts.ProductStore"/>
  <testcase name="deleteItemcart" time="3.309" classname="testScripts.ProductStore"/>
  <testcase name="placeOrder" time="3.548" classname="testScripts.ProductStore"/>
</testsuite> <!-- Default test -->
