<?xml version="1.0" encoding="UTF-8"?>
<!-- Generated by org.testng.reporters.JUnitXMLReporter -->
<testsuite hostname="LAPTOP-02EF66VJ" ignored="0" name="DemoTest" tests="7" failures="0" timestamp="2023-03-14T19:40:48 IST" time="40.996" errors="0">
  <testcase name="signInPage" time="4.561" classname="testScripts.ProductStore"/>
  <testcase name="addToCart" time="5.489" classname="testScripts.ProductStore"/>
  <testcase name="addToCart" time="3.777" classname="testScripts.ProductStore"/>
  <testcase name="addToCart" time="3.692" classname="testScripts.ProductStore"/>
  <testcase name="addToCart" time="4.587" classname="testScripts.ProductStore"/>
  <testcase name="deleteItemcart" time="5.155" classname="testScripts.ProductStore"/>
  <testcase name="placeOrder" time="6.407" classname="testScripts.ProductStore"/>
</testsuite> <!-- DemoTest -->
