<?xml version="1.0" encoding="UTF-8"?>
<!-- Generated by org.testng.reporters.JUnitXMLReporter -->
<testsuite hostname="LAPTOP-02EF66VJ" ignored="0" name="DemoTest" tests="7" failures="0" timestamp="2023-03-14T19:14:28 IST" time="34.932" errors="0">
  <testcase name="signInPage" time="2.265" classname="testScripts.ProductStore"/>
  <testcase name="addToCart" time="5.323" classname="testScripts.ProductStore"/>
  <testcase name="addToCart" time="3.673" classname="testScripts.ProductStore"/>
  <testcase name="addToCart" time="4.293" classname="testScripts.ProductStore"/>
  <testcase name="addToCart" time="4.031" classname="testScripts.ProductStore"/>
  <testcase name="deleteItemcart" time="5.159" classname="testScripts.ProductStore"/>
  <testcase name="placeOrder" time="3.457" classname="testScripts.ProductStore"/>
</testsuite> <!-- DemoTest -->
