<?xml version="1.0" encoding="UTF-8"?>
<!-- Generated by org.testng.reporters.JUnitXMLReporter -->
<testsuite hostname="LAPTOP-02EF66VJ" ignored="0" name="DemoTest" tests="7" failures="0" timestamp="2023-03-14T11:43:01 IST" time="56.751" errors="0">
  <testcase name="signInPage" time="3.732" classname="testScripts.ProductStore"/>
  <testcase name="addToCart" time="9.713" classname="testScripts.ProductStore"/>
  <testcase name="addToCart" time="5.929" classname="testScripts.ProductStore"/>
  <testcase name="addToCart" time="11.648" classname="testScripts.ProductStore"/>
  <testcase name="addToCart" time="9.595" classname="testScripts.ProductStore"/>
  <testcase name="deleteItemcart" time="3.217" classname="testScripts.ProductStore"/>
  <testcase name="placeOrder" time="2.322" classname="testScripts.ProductStore"/>
</testsuite> <!-- DemoTest -->
