<?xml version="1.0" encoding="UTF-8"?>
<testng-results skipped="0" failed="0" ignored="0" total="7" passed="7">
  <reporter-output>
  </reporter-output>
  <suite name="PrdoctStoreSuite" duration-ms="40996" started-at="2023-03-14T19:40:07 IST" finished-at="2023-03-14T19:40:48 IST">
    <groups>
    </groups>
    <test name="DemoTest" duration-ms="40996" started-at="2023-03-14T19:40:07 IST" finished-at="2023-03-14T19:40:48 IST">
      <class name="testScripts.ProductStore">
        <test-method status="PASS" signature="setup()[pri:0, instance:testScripts.ProductStore@5427c60c]" name="setup" is-config="true" duration-ms="6545" started-at="2023-03-14T19:40:07 IST" finished-at="2023-03-14T19:40:14 IST">
          <reporter-output>
          </reporter-output>
        </test-method> <!-- setup -->
        <test-method status="PASS" signature="signInPage()[pri:1, instance:testScripts.ProductStore@5427c60c]" name="signInPage" duration-ms="4561" started-at="2023-03-14T19:40:14 IST" finished-at="2023-03-14T19:40:18 IST">
          <reporter-output>
          </reporter-output>
        </test-method> <!-- signInPage -->
        <test-method status="PASS" signature="finishExtent(org.testng.ITestResult)[pri:0, instance:testScripts.ProductStore@5427c60c]" name="finishExtent" is-config="true" duration-ms="2" started-at="2023-03-14T19:40:18 IST" finished-at="2023-03-14T19:40:18 IST">
          <params>
            <param index="0">
              <value>
                <![CDATA[[TestResult name=signInPage status=SUCCESS method=ProductStore.signInPage()[pri:1, instance:testScripts.ProductStore@5427c60c] output={null}]]]>
              </value>
            </param>
          </params>
          <reporter-output>
          </reporter-output>
        </test-method> <!-- finishExtent -->
        <test-method status="PASS" signature="addToCart(java.lang.String,java.lang.String)[pri:2, instance:testScripts.ProductStore@5427c60c]" name="addToCart" duration-ms="5489" started-at="2023-03-14T19:40:18 IST" data-provider="search" finished-at="2023-03-14T19:40:24 IST">
          <params>
            <param index="0">
              <value>
                <![CDATA[Laptops]]>
              </value>
            </param>
            <param index="1">
              <value>
                <![CDATA[MacBook air]]>
              </value>
            </param>
          </params>
          <reporter-output>
          </reporter-output>
        </test-method> <!-- addToCart -->
        <test-method status="PASS" signature="finishExtent(org.testng.ITestResult)[pri:0, instance:testScripts.ProductStore@5427c60c]" name="finishExtent" is-config="true" duration-ms="0" started-at="2023-03-14T19:40:24 IST" finished-at="2023-03-14T19:40:24 IST">
          <params>
            <param index="0">
              <value>
                <![CDATA[[TestResult name=addToCart status=SUCCESS method=ProductStore.addToCart(java.lang.String,java.lang.String)[pri:2, instance:testScripts.ProductStore@5427c60c] output={null}]]]>
              </value>
            </param>
          </params>
          <reporter-output>
          </reporter-output>
        </test-method> <!-- finishExtent -->
        <test-method status="PASS" signature="addToCart(java.lang.String,java.lang.String)[pri:2, instance:testScripts.ProductStore@5427c60c]" name="addToCart" duration-ms="3777" started-at="2023-03-14T19:40:24 IST" data-provider="search" finished-at="2023-03-14T19:40:28 IST">
          <params>
            <param index="0">
              <value>
                <![CDATA[Phones]]>
              </value>
            </param>
            <param index="1">
              <value>
                <![CDATA[Samsung galaxy s6]]>
              </value>
            </param>
          </params>
          <reporter-output>
          </reporter-output>
        </test-method> <!-- addToCart -->
        <test-method status="PASS" signature="addToCart(java.lang.String,java.lang.String)[pri:2, instance:testScripts.ProductStore@5427c60c]" name="addToCart" duration-ms="3692" started-at="2023-03-14T19:40:28 IST" data-provider="search" finished-at="2023-03-14T19:40:31 IST">
          <params>
            <param index="0">
              <value>
                <![CDATA[Monitors]]>
              </value>
            </param>
            <param index="1">
              <value>
                <![CDATA[ASUS Full HD]]>
              </value>
            </param>
          </params>
          <reporter-output>
          </reporter-output>
        </test-method> <!-- addToCart -->
        <test-method status="PASS" signature="finishExtent(org.testng.ITestResult)[pri:0, instance:testScripts.ProductStore@5427c60c]" name="finishExtent" is-config="true" duration-ms="0" started-at="2023-03-14T19:40:28 IST" finished-at="2023-03-14T19:40:28 IST">
          <params>
            <param index="0">
              <value>
                <![CDATA[[TestResult name=addToCart status=SUCCESS method=ProductStore.addToCart(java.lang.String,java.lang.String)[pri:2, instance:testScripts.ProductStore@5427c60c] output={null}]]]>
              </value>
            </param>
          </params>
          <reporter-output>
          </reporter-output>
        </test-method> <!-- finishExtent -->
        <test-method status="PASS" signature="finishExtent(org.testng.ITestResult)[pri:0, instance:testScripts.ProductStore@5427c60c]" name="finishExtent" is-config="true" duration-ms="1" started-at="2023-03-14T19:40:31 IST" finished-at="2023-03-14T19:40:31 IST">
          <params>
            <param index="0">
              <value>
                <![CDATA[[TestResult name=addToCart status=SUCCESS method=ProductStore.addToCart(java.lang.String,java.lang.String)[pri:2, instance:testScripts.ProductStore@5427c60c] output={null}]]]>
              </value>
            </param>
          </params>
          <reporter-output>
          </reporter-output>
        </test-method> <!-- finishExtent -->
        <test-method status="PASS" signature="addToCart(java.lang.String,java.lang.String)[pri:2, instance:testScripts.ProductStore@5427c60c]" name="addToCart" duration-ms="4587" started-at="2023-03-14T19:40:31 IST" data-provider="search" finished-at="2023-03-14T19:40:36 IST">
          <params>
            <param index="0">
              <value>
                <![CDATA[Phones]]>
              </value>
            </param>
            <param index="1">
              <value>
                <![CDATA[Nokia lumia 1520]]>
              </value>
            </param>
          </params>
          <reporter-output>
          </reporter-output>
        </test-method> <!-- addToCart -->
        <test-method status="PASS" signature="finishExtent(org.testng.ITestResult)[pri:0, instance:testScripts.ProductStore@5427c60c]" name="finishExtent" is-config="true" duration-ms="0" started-at="2023-03-14T19:40:36 IST" finished-at="2023-03-14T19:40:36 IST">
          <params>
            <param index="0">
              <value>
                <![CDATA[[TestResult name=addToCart status=SUCCESS method=ProductStore.addToCart(java.lang.String,java.lang.String)[pri:2, instance:testScripts.ProductStore@5427c60c] output={null}]]]>
              </value>
            </param>
          </params>
          <reporter-output>
          </reporter-output>
        </test-method> <!-- finishExtent -->
        <test-method status="PASS" signature="deleteItemcart()[pri:3, instance:testScripts.ProductStore@5427c60c]" name="deleteItemcart" duration-ms="5155" started-at="2023-03-14T19:40:36 IST" finished-at="2023-03-14T19:40:41 IST">
          <reporter-output>
          </reporter-output>
        </test-method> <!-- deleteItemcart -->
        <test-method status="PASS" signature="finishExtent(org.testng.ITestResult)[pri:0, instance:testScripts.ProductStore@5427c60c]" name="finishExtent" is-config="true" duration-ms="1" started-at="2023-03-14T19:40:41 IST" finished-at="2023-03-14T19:40:41 IST">
          <params>
            <param index="0">
              <value>
                <![CDATA[[TestResult name=deleteItemcart status=SUCCESS method=ProductStore.deleteItemcart()[pri:3, instance:testScripts.ProductStore@5427c60c] output={null}]]]>
              </value>
            </param>
          </params>
          <reporter-output>
          </reporter-output>
        </test-method> <!-- finishExtent -->
        <test-method status="PASS" signature="placeOrder()[pri:4, instance:testScripts.ProductStore@5427c60c]" name="placeOrder" duration-ms="6407" started-at="2023-03-14T19:40:41 IST" finished-at="2023-03-14T19:40:47 IST">
          <reporter-output>
          </reporter-output>
        </test-method> <!-- placeOrder -->
        <test-method status="PASS" signature="finishExtent(org.testng.ITestResult)[pri:0, instance:testScripts.ProductStore@5427c60c]" name="finishExtent" is-config="true" duration-ms="1" started-at="2023-03-14T19:40:47 IST" finished-at="2023-03-14T19:40:47 IST">
          <params>
            <param index="0">
              <value>
                <![CDATA[[TestResult name=placeOrder status=SUCCESS method=ProductStore.placeOrder()[pri:4, instance:testScripts.ProductStore@5427c60c] output={null}]]]>
              </value>
            </param>
          </params>
          <reporter-output>
          </reporter-output>
        </test-method> <!-- finishExtent -->
        <test-method status="PASS" signature="finish()[pri:0, instance:testScripts.ProductStore@5427c60c]" name="finish" is-config="true" duration-ms="695" started-at="2023-03-14T19:40:47 IST" finished-at="2023-03-14T19:40:48 IST">
          <reporter-output>
          </reporter-output>
        </test-method> <!-- finish -->
      </class> <!-- testScripts.ProductStore -->
    </test> <!-- DemoTest -->
  </suite> <!-- PrdoctStoreSuite -->
</testng-results>
